e:\gavrilenko\nirs\msgr_old\old_msgr\release\matrix.obj
e:\gavrilenko\nirs\msgr_old\old_msgr\release\methods_release.obj
e:\gavrilenko\nirs\msgr_old\old_msgr\release\main_msgr.obj
e:\gavrilenko\nirs\msgr_old\old_msgr\release\vc140.pdb
e:\gavrilenko\nirs\msgr_old\old_msgr\release\.netframework,version=v4.0.assemblyattributes.obj
e:\gavrilenko\nirs\msgr_old\old_msgr\release\.netframework,version=v4.0.assemblyattributes.asm
e:\gavrilenko\nirs\msgr_old\old_msgr\release\old_msgr.exe
e:\gavrilenko\nirs\msgr_old\old_msgr\release\old_msgr.pdb
e:\gavrilenko\nirs\msgr_old\old_msgr\release\final_hope.vcxprojresolveassemblyreference.cache
e:\gavrilenko\nirs\msgr_old\old_msgr\release\old_msgr.exe.metagen
e:\gavrilenko\nirs\msgr_old\old_msgr\release\old_msgr.tlog\cl.command.1.tlog
e:\gavrilenko\nirs\msgr_old\old_msgr\release\old_msgr.tlog\cl.read.1.tlog
e:\gavrilenko\nirs\msgr_old\old_msgr\release\old_msgr.tlog\cl.write.1.tlog
e:\gavrilenko\nirs\msgr_old\old_msgr\release\old_msgr.tlog\link.command.1.tlog
e:\gavrilenko\nirs\msgr_old\old_msgr\release\old_msgr.tlog\link.read.1.tlog
e:\gavrilenko\nirs\msgr_old\old_msgr\release\old_msgr.tlog\link.write.1.tlog
e:\gavrilenko\nirs\msgr_old\old_msgr\release\old_msgr.tlog\metagen.read.1.tlog
e:\gavrilenko\nirs\msgr_old\old_msgr\release\old_msgr.tlog\metagen.write.1.tlog
e:\gavrilenko\nirs\msgr_old\old_msgr\release\old_msgr.tlog\rsaenh.dll.bi
e:\gavrilenko\nirs\msgr_old\old_msgr\release\old_msgr.tlog\tzres.dll.bi
