Сборка начата 18.03.2019 14:51:35.
     1>Проект "E:\gavrilenko\NIRS\MSGr\final_hope\final_hope.vcxproj" в узле 2 (целевые объекты Rebuild).
     1>ClCompile:
         C:\Program Files (x86)\Microsoft Visual Studio 14.0\VC\bin\CL.exe /c /AI"C:\Program Files (x86)\Reference Assemblies\Microsoft\Framework\.NETFramework\v4.0" /AI"C:\Program Files (x86)\Windows Kits\8.1\References\CommonConfiguration\Neutral" /Zi /clr /nologo /W3 /WX- /sdl /MP /O2 /Oi /Oy- /GL /D WIN32 /D NDEBUG /D _CONSOLE /D _LIB /D _UNICODE /D UNICODE /EHa /MD /GS /Gy /fp:precise /Zc:wchar_t /Zc:forScope /Zc:inline /openmp /Fo"Release\\" /Fd"Release\vc140.pdb" /TP /FU"C:\Program Files (x86)\Reference Assemblies\Microsoft\Framework\.NETFramework\v4.0\mscorlib.dll" /analyze- /errorReport:prompt /clr:nostdlib main.cpp matrix_csr.cpp global.cpp mvector.cpp
         main.cpp
         matrix_csr.cpp
         global.cpp
         mvector.cpp
     1>matrix_csr.cpp(285): warning C4018: <: несоответствие типов со знаком и без знака
     1>matrix_csr.cpp(297): warning C4018: <: несоответствие типов со знаком и без знака
     1>matrix_csr.cpp(323): warning C4018: >: несоответствие типов со знаком и без знака
     1>matrix_csr.cpp(348): warning C4018: >: несоответствие типов со знаком и без знака
     1>mvector.cpp(21): warning C4018: <: несоответствие типов со знаком и без знака
     1>mvector.cpp(31): warning C4018: <: несоответствие типов со знаком и без знака
     1>mvector.cpp(43): warning C4018: <: несоответствие типов со знаком и без знака
         C:\Program Files (x86)\Microsoft Visual Studio 14.0\VC\bin\CL.exe /c /Zi /clr /nologo /W3 /WX- /sdl /MP /O2 /Oi /Oy- /GL /D WIN32 /D NDEBUG /D _CONSOLE /D _LIB /D _UNICODE /D UNICODE /EHa /MD /GS /Gy /fp:precise /Zc:wchar_t /Zc:forScope /Zc:inline /openmp /Fp"Release\MSGr.pch" /Fa"Release\\" /Fo"Release\\" /Fd"Release\vc140.pdb" /analyze- /errorReport:prompt "C:\Users\GavrilenkoMA\AppData\Local\Temp\.NETFramework,Version=v4.0.AssemblyAttributes.cpp"
         .NETFramework,Version=v4.0.AssemblyAttributes.cpp
       Link:
         C:\Program Files (x86)\Microsoft Visual Studio 14.0\VC\bin\link.exe /ERRORREPORT:PROMPT /OUT:"E:\gavrilenko\NIRS\MSGr\Release\MSGr.exe" /INCREMENTAL:NO /NOLOGO msmpi.lib kernel32.lib user32.lib gdi32.lib winspool.lib comdlg32.lib advapi32.lib shell32.lib ole32.lib oleaut32.lib uuid.lib odbc32.lib odbccp32.lib /MANIFEST /MANIFESTUAC:"level='asInvoker' uiAccess='false'" /manifest:embed /Debug /PDB:"E:\gavrilenko\NIRS\MSGr\Release\MSGr.pdb" /SUBSYSTEM:CONSOLE /OPT:REF /OPT:ICF /LTCG:incremental /TLBID:1 /DYNAMICBASE /FIXED:NO /NXCOMPAT /MACHINE:X86 /SAFESEH Release\main.obj
         Release\matrix_csr.obj
         Release\global.obj
         Release\mvector.obj
         "Release\.NETFramework,Version=v4.0.AssemblyAttributes.obj"
         LINK : указан параметр /LTCG, но не требуется создание кода; удалите /LTCG из командной строки компоновки для повышения производительности компоновщика
         final_hope.vcxproj -> E:\gavrilenko\NIRS\MSGr\Release\MSGr.exe
     1>Сборка проекта "E:\gavrilenko\NIRS\MSGr\final_hope\final_hope.vcxproj" завершена (целевые объекты Rebuild).

Сборка успешно завершена.

Затраченное время: 00:00:02.23
